<?xml version="1.0" encoding="UTF-8"?>
<!-- Generated by org.testng.reporters.JUnitXMLReporter -->
<testsuite ignored="0" hostname="Dell201101" failures="0" tests="4" name="Command line test" time="11.262" errors="0" timestamp="2022-10-30T17:25:43 CET">
  <testcase classname="pl.tomaszbuga.tests.FirstTest" name="clearTextInputTest" time="0.362"/>
  <testcase classname="pl.tomaszbuga.tests.FirstTest" name="enterTextToTextInputTest" time="0.203"/>
  <testcase classname="pl.tomaszbuga.tests.FirstTest" name="enterTextToTextareaInputTest" time="0.264"/>
  <testcase classname="pl.tomaszbuga.tests.FirstTest" name="selectValueFromDropdownTest" time="0.336"/>
</testsuite> <!-- Command line test -->
