<?xml version="1.0" encoding="UTF-8"?>
<testng-results ignored="0" total="4" passed="4" failed="0" skipped="0">
  <reporter-output>
  </reporter-output>
  <suite started-at="2022-10-30T17:25:32 CET" name="Command line suite" finished-at="2022-10-30T17:25:43 CET" duration-ms="11262">
    <groups>
    </groups>
    <test started-at="2022-10-30T17:25:32 CET" name="Command line test" finished-at="2022-10-30T17:25:43 CET" duration-ms="11262">
      <class name="pl.tomaszbuga.tests.FirstTest">
        <test-method is-config="true" signature="setupWebDriver()[pri:0, instance:pl.tomaszbuga.tests.FirstTest@49e202ad]" started-at="2022-10-30T17:25:32 CET" name="setupWebDriver" finished-at="2022-10-30T17:25:35 CET" duration-ms="3325" status="PASS">
          <reporter-output>
          </reporter-output>
        </test-method> <!-- setupWebDriver -->
        <test-method is-config="true" signature="beforeSetup()[pri:0, instance:pl.tomaszbuga.tests.FirstTest@49e202ad]" started-at="2022-10-30T17:25:35 CET" name="beforeSetup" finished-at="2022-10-30T17:25:36 CET" duration-ms="720" status="PASS">
          <reporter-output>
          </reporter-output>
        </test-method> <!-- beforeSetup -->
        <test-method signature="clearTextInputTest()[pri:0, instance:pl.tomaszbuga.tests.FirstTest@49e202ad]" started-at="2022-10-30T17:25:36 CET" name="clearTextInputTest" finished-at="2022-10-30T17:25:36 CET" duration-ms="362" status="PASS">
          <reporter-output>
          </reporter-output>
        </test-method> <!-- clearTextInputTest -->
        <test-method is-config="true" signature="closeBrowser()[pri:0, instance:pl.tomaszbuga.tests.FirstTest@49e202ad]" started-at="2022-10-30T17:25:36 CET" name="closeBrowser" finished-at="2022-10-30T17:25:36 CET" duration-ms="258" status="PASS">
          <reporter-output>
          </reporter-output>
        </test-method> <!-- closeBrowser -->
        <test-method is-config="true" signature="setupWebDriver()[pri:0, instance:pl.tomaszbuga.tests.FirstTest@49e202ad]" started-at="2022-10-30T17:25:36 CET" name="setupWebDriver" finished-at="2022-10-30T17:25:38 CET" duration-ms="1143" status="PASS">
          <reporter-output>
          </reporter-output>
        </test-method> <!-- setupWebDriver -->
        <test-method is-config="true" signature="beforeSetup()[pri:0, instance:pl.tomaszbuga.tests.FirstTest@49e202ad]" started-at="2022-10-30T17:25:38 CET" name="beforeSetup" finished-at="2022-10-30T17:25:38 CET" duration-ms="444" status="PASS">
          <reporter-output>
          </reporter-output>
        </test-method> <!-- beforeSetup -->
        <test-method signature="enterTextToTextInputTest()[pri:0, instance:pl.tomaszbuga.tests.FirstTest@49e202ad]" started-at="2022-10-30T17:25:38 CET" name="enterTextToTextInputTest" finished-at="2022-10-30T17:25:38 CET" duration-ms="203" status="PASS">
          <reporter-output>
          </reporter-output>
        </test-method> <!-- enterTextToTextInputTest -->
        <test-method is-config="true" signature="closeBrowser()[pri:0, instance:pl.tomaszbuga.tests.FirstTest@49e202ad]" started-at="2022-10-30T17:25:38 CET" name="closeBrowser" finished-at="2022-10-30T17:25:38 CET" duration-ms="161" status="PASS">
          <reporter-output>
          </reporter-output>
        </test-method> <!-- closeBrowser -->
        <test-method is-config="true" signature="setupWebDriver()[pri:0, instance:pl.tomaszbuga.tests.FirstTest@49e202ad]" started-at="2022-10-30T17:25:38 CET" name="setupWebDriver" finished-at="2022-10-30T17:25:39 CET" duration-ms="985" status="PASS">
          <reporter-output>
          </reporter-output>
        </test-method> <!-- setupWebDriver -->
        <test-method is-config="true" signature="beforeSetup()[pri:0, instance:pl.tomaszbuga.tests.FirstTest@49e202ad]" started-at="2022-10-30T17:25:39 CET" name="beforeSetup" finished-at="2022-10-30T17:25:40 CET" duration-ms="581" status="PASS">
          <reporter-output>
          </reporter-output>
        </test-method> <!-- beforeSetup -->
        <test-method signature="enterTextToTextareaInputTest()[pri:0, instance:pl.tomaszbuga.tests.FirstTest@49e202ad]" started-at="2022-10-30T17:25:40 CET" name="enterTextToTextareaInputTest" finished-at="2022-10-30T17:25:40 CET" duration-ms="264" status="PASS">
          <reporter-output>
          </reporter-output>
        </test-method> <!-- enterTextToTextareaInputTest -->
        <test-method is-config="true" signature="closeBrowser()[pri:0, instance:pl.tomaszbuga.tests.FirstTest@49e202ad]" started-at="2022-10-30T17:25:40 CET" name="closeBrowser" finished-at="2022-10-30T17:25:40 CET" duration-ms="285" status="PASS">
          <reporter-output>
          </reporter-output>
        </test-method> <!-- closeBrowser -->
        <test-method is-config="true" signature="setupWebDriver()[pri:0, instance:pl.tomaszbuga.tests.FirstTest@49e202ad]" started-at="2022-10-30T17:25:40 CET" name="setupWebDriver" finished-at="2022-10-30T17:25:42 CET" duration-ms="1327" status="PASS">
          <reporter-output>
          </reporter-output>
        </test-method> <!-- setupWebDriver -->
        <test-method is-config="true" signature="beforeSetup()[pri:0, instance:pl.tomaszbuga.tests.FirstTest@49e202ad]" started-at="2022-10-30T17:25:42 CET" name="beforeSetup" finished-at="2022-10-30T17:25:42 CET" duration-ms="657" status="PASS">
          <reporter-output>
          </reporter-output>
        </test-method> <!-- beforeSetup -->
        <test-method signature="selectValueFromDropdownTest()[pri:0, instance:pl.tomaszbuga.tests.FirstTest@49e202ad]" started-at="2022-10-30T17:25:42 CET" name="selectValueFromDropdownTest" finished-at="2022-10-30T17:25:43 CET" duration-ms="336" status="PASS">
          <reporter-output>
          </reporter-output>
        </test-method> <!-- selectValueFromDropdownTest -->
        <test-method is-config="true" signature="closeBrowser()[pri:0, instance:pl.tomaszbuga.tests.FirstTest@49e202ad]" started-at="2022-10-30T17:25:43 CET" name="closeBrowser" finished-at="2022-10-30T17:25:43 CET" duration-ms="170" status="PASS">
          <reporter-output>
          </reporter-output>
        </test-method> <!-- closeBrowser -->
      </class> <!-- pl.tomaszbuga.tests.FirstTest -->
    </test> <!-- Command line test -->
  </suite> <!-- Command line suite -->
</testng-results>
