<?xml version="1.0" encoding="UTF-8" ?>
<testsuite tests="4" failures="0" name="TestSuite" time="1.171" errors="0" skipped="0">
  <properties>
[...]
</properties>
  <testcase classname="pl.tomaszbuga.tests.FirstTest" name="clearTextInputTest" time="0.367"/>
  <testcase classname="pl.tomaszbuga.tests.FirstTest" name="enterTextToTextInputTest" time="0.202"/>
  <testcase classname="pl.tomaszbuga.tests.FirstTest" name="enterTextToTextareaInputTest" time="0.265"/>
  <testcase classname="pl.tomaszbuga.tests.FirstTest" name="selectValueFromDropdownTest" time="0.337"/>
</testsuite>